make all --print-data-base --no-builtin-variables --no-builtin-rules --question
# GNU Make 3.81
# Copyright (C) 2006  Free Software Foundation, Inc.
# This is free software; see the source for copying conditions.
# There is NO warranty; not even for MERCHANTABILITY or FITNESS FOR A
# PARTICULAR PURPOSE.

# This program built for i386-apple-darwin11.3.0
 

# Make data base, printed on Sat Jul 30 16:19:50 2022

# Variables

# automatic
 
<D = $(patsubst %/,%,$(dir $<))
# automatic
?F = $(notdir $?)
# environment
VSCODE_LOG_NATIVE = false
# automatic
?D = $(patsubst %/,%,$(dir $?))
# automatic
@D = $(patsubst %/,%,$(dir $@))
# automatic
@F = $(notdir $@)
# makefile (from `Makefile', line 47)
BONUS_OBJS = $(BONUS_SRCS:.c=.o)
# makefile
CURDIR := /Users/jaewopar/Desktop/42Seoul/push_swap
# makefile
SHELL = /bin/sh
# environment
VSCODE_NLS_CONFIG = {"locale":"en-us","availableLanguages":{},"_languagePackSupport":true}
# environment
_ = /usr/bin/make
# makefile (from `Makefile', line 21)
CFLAGS = -Wall -Werror -Wextra
# makefile (from `Makefile', line 1)
MAKEFILE_LIST :=  Makefile
# makefile (from `Makefile', line 15)
NAME_LIBFT = libft/
# environment
VSCODE_VERBOSE_LOGGING = true
# makefile (from `Makefile', line 17)
BONUS = checker
# makefile (from `Makefile', line 45)
OBJS = $(SRCS:.c=.o) 
# environment
VSCODE_IPC_HOOK_EXTHOST = /var/folders/zz/zyxvpxvq6csfxvn_n000cmbc00352v/T/vscode-ipc-6b8f5a6f-ca4f-4f00-b294-bae562dc409a.sock
# environment
VSCODE_CWD = /
# environment
PATH = /usr/local/bin:/usr/bin:/bin:/usr/sbin:/sbin:/usr/local/munki
# environment
VSCODE_LOG_STACK = false
# environment
ELECTRON_RUN_AS_NODE = 1
# default
.FEATURES := target-specific order-only second-expansion else-if archives jobserver check-symlink
# environment
SSH_AUTH_SOCK = /private/tmp/com.apple.launchd.unLvB081lg/Listeners
# automatic
%F = $(notdir $%)
# makefile (from `Makefile', line 32)
BONUS_SRCS = get_next_line.c get_next_line_utils.c push_swap_utils.c push_swap_utils2.c push_swap_pattern.c push_swap_pattern2.c push_swap_pattern3.c checker_pattern.c checker_pattern2.c checker_pattern3.c ft_sort.c checker.c
# environment
VSCODE_PIPE_LOGGING = true
# environment
PWD = /Users/jaewopar/Desktop/42Seoul/push_swap
# environment
ORIGINAL_XDG_CURRENT_DESKTOP = undefined
# environment
VSCODE_AMD_ENTRYPOINT = vs/workbench/api/node/extensionHostProcess
# environment
HOME = /Users/jaewopar
# default
MAKEFILEPATH := /Applications/Xcode.app/Contents/Developer/Makefiles
# environment
VSCODE_CODE_CACHE_PATH = /Users/jaewopar/Library/Application Support/Code/CachedData/c3511e6c69bb39013c4a4b7b9566ec1ca73fc4d5
# environment
LOGNAME = jaewopar
# environment
APPLICATION_INSIGHTS_NO_DIAGNOSTIC_CHANNEL = 1
# environment
VSCODE_HANDLES_UNCAUGHT_ERRORS = true
# automatic
^D = $(patsubst %/,%,$(dir $^))
# environment
XPC_FLAGS = 0x0
# default
MAKE = $(MAKE_COMMAND)
# default
MAKECMDGOALS := all
# makefile (from `Makefile', line 23)
SRCS = push_swap.c push_swap_utils.c push_swap_utils2.c push_swap_pattern.c push_swap_pattern2.c push_swap_pattern3.c ft_sort.c ft_sandglass.c
# environment
SHLVL = 1
# makefile (from `Makefile', line 19)
CC = gcc
# default
MAKE_VERSION := 3.81
# environment
USER = jaewopar
# makefile
.DEFAULT_GOAL := all
# makefile (from `Makefile', line 13)
NAME = push_swap
# automatic
%D = $(patsubst %/,%,$(dir $%))
# default
MAKE_COMMAND := /Applications/Xcode.app/Contents/Developer/usr/bin/make
# default
.VARIABLES := 
# environment
TMPDIR = /var/folders/zz/zyxvpxvq6csfxvn_n000cmbc00352v/T/
# automatic
*F = $(notdir $*)
# environment
VSCODE_IPC_HOOK = /Users/jaewopar/Library/Application Support/Code/1.67.2-main.sock
# makefile
MAKEFLAGS = Rrqp
# environment
MFLAGS = -Rrqp
# automatic
*D = $(patsubst %/,%,$(dir $*))
# environment
MAIL = jaewoopk000@naver.com
# environment
XPC_SERVICE_NAME = com.microsoft.VSCode.2352
# automatic
+D = $(patsubst %/,%,$(dir $+))
# automatic
+F = $(notdir $+)
# environment
__CF_USER_TEXT_ENCODING = 0x1945B:0x0:0x0
# default
MAKEFILES := 
# automatic
<F = $(notdir $<)
# environment
LC_ALL = C
# automatic
^F = $(notdir $^)
# default
SUFFIXES := 
# default
.INCLUDE_DIRS = /usr/local/include
# environment
MAKELEVEL := 0
# environment
LANG = C
# environment
VSCODE_PID = 35256
# variable set hash-table stats:
# Load=70/1024=7%, Rehash=0, Collisions=5/102=5%

# Pattern-specific Variable Values

# No pattern-specific variable values.

# Directories

# . (device 16777225, inode 2954735): 39 files, no impossibilities.

# 39 files, no impossibilities in 1 directories.

# Implicit Rules

%.o: %.c
#  commands to execute (from `Makefile', line 54):
	$(CC) $(CFLAGS) -g3 -c $< -o $@
	

# 1 implicit rules, 0 (0.0%) terminal.

# Files

# Not a target:
ft_sort.c:
#  Implicit rule search has been done.
#  Last modified 2022-07-30 16:06:27
#  File has been updated.
#  Successfully updated.
# variable set hash-table stats:
# Load=0/32=0%, Rehash=0, Collisions=0/0=0%

# Not a target:
push_swap.c:
 
#  Implicit rule search has been done.
#  Last modified 2022-07-29 18:08:05
#  File has been updated.
#  Successfully updated.
# variable set hash-table stats:
# Load=0/32=0%, Rehash=0, Collisions=0/0=0%

# Not a target:
ft_sandglass.c:
#  Implicit rule search has been done.
#  Last modified 2022-07-30 16:06:27
#  File has been updated.
#  Successfully updated.
# variable set hash-table stats:
# Load=0/32=0%, Rehash=0, Collisions=0/0=0%

all: push_swap
#  Phony target (prerequisite of .PHONY).
#  Command-line target.
#  Implicit rule search has not been done.
#  File does not exist.
#  File has been updated.
#  Successfully updated.
# variable set hash-table stats:
# Load=0/32=0%, Rehash=0, Collisions=0/0=0%

.PHONY: all clean fclean re bonus
#  Implicit rule search has not been done.
#  Modification time never checked.
#  File has not been updated.

# Not a target:
push_swap_pattern2.c:
#  Implicit rule search has been done.
#  Last modified 2022-07-30 16:06:30
#  File has been updated.
#  Successfully updated.
# variable set hash-table stats:
# Load=0/32=0%, Rehash=0, Collisions=0/0=0%

# Not a target:
checker_pattern3.o:
#  Implicit rule search has not been done.
#  Modification time never checked.
#  File has not been updated.

push_swap_pattern3.o: push_swap_pattern3.c
#  Implicit rule search has been done.
#  Implicit/static pattern stem: `push_swap_pattern3'
#  Last modified 2022-07-30 16:19:30
#  File has been updated.
#  Successfully updated.
# variable set hash-table stats:
# Load=0/32=0%, Rehash=0, Collisions=0/0=0%
#  commands to execute (from `Makefile', line 54):
	$(CC) $(CFLAGS) -g3 -c $< -o $@
	

# Not a target:
.SUFFIXES:
#  Implicit rule search has not been done.
#  Modification time never checked.
#  File has not been updated.

# Not a target:
Makefile:
#  Implicit rule search has been done.
#  Last modified 2022-07-30 16:19:23
#  File has been updated.
#  Successfully updated.
# variable set hash-table stats:
# Load=0/32=0%, Rehash=0, Collisions=0/0=0%

# Not a target:
checker_pattern.o:
#  Implicit rule search has not been done.
#  Modification time never checked.
#  File has not been updated.

push_swap_utils.o: push_swap_utils.c
#  Implicit rule search has been done.
#  Implicit/static pattern stem: `push_swap_utils'
#  Last modified 2022-07-30 16:19:30
#  File has been updated.
#  Successfully updated.
# variable set hash-table stats:
# Load=0/32=0%, Rehash=0, Collisions=0/0=0%
#  commands to execute (from `Makefile', line 54):
	$(CC) $(CFLAGS) -g3 -c $< -o $@
	

push_swap_pattern.o: push_swap_pattern.c
#  Implicit rule search has been done.
#  Implicit/static pattern stem: `push_swap_pattern'
#  Last modified 2022-07-30 16:19:30
#  File has been updated.
#  Successfully updated.
# variable set hash-table stats:
# Load=0/32=0%, Rehash=0, Collisions=0/0=0%
#  commands to execute (from `Makefile', line 54):
	$(CC) $(CFLAGS) -g3 -c $< -o $@
	

bonus: checker
#  Phony target (prerequisite of .PHONY).
#  Implicit rule search has not been done.
#  File does not exist.
#  File has not been updated.

fclean: clean
#  Phony target (prerequisite of .PHONY).
#  Implicit rule search has not been done.
#  File does not exist.
#  File has not been updated.
#  commands to execute (from `Makefile', line 69):
	rm -f $(NAME) $(BONUS) $(NAME_LIBFT)libft.a
	

# Not a target:
get_next_line_utils.o:
#  Implicit rule search has not been done.
#  Modification time never checked.
#  File has not been updated.

# Not a target:
push_swap_pattern3.c:
#  Implicit rule search has been done.
#  Last modified 2022-07-30 16:06:31
#  File has been updated.
#  Successfully updated.
# variable set hash-table stats:
# Load=0/32=0%, Rehash=0, Collisions=0/0=0%

# Not a target:
.DEFAULT:
#  Implicit rule search has not been done.
#  Modification time never checked.
#  File has not been updated.

# Not a target:
checker.o:
#  Implicit rule search has not been done.
#  Modification time never checked.
#  File has not been updated.

checker: get_next_line.o get_next_line_utils.o push_swap_utils.o push_swap_utils2.o push_swap_pattern.o push_swap_pattern2.o push_swap_pattern3.o checker_pattern.o checker_pattern2.o checker_pattern3.o ft_sort.o checker.o
#  Implicit rule search has not been done.
#  Modification time never checked.
#  File has not been updated.
#  commands to execute (from `Makefile', line 61):
	make -C $(NAME_LIBFT)
	$(CC) $(CFLAGS) -o $@ $(BONUS_OBJS) -L./$(NAME_LIBFT) -lft
	

ft_sort.o: ft_sort.c
#  Implicit rule search has been done.
#  Implicit/static pattern stem: `ft_sort'
#  Last modified 2022-07-30 16:19:30
#  File has been updated.
#  Successfully updated.
# variable set hash-table stats:
# Load=0/32=0%, Rehash=0, Collisions=0/0=0%
#  commands to execute (from `Makefile', line 54):
	$(CC) $(CFLAGS) -g3 -c $< -o $@
	

re: fclean all
#  Phony target (prerequisite of .PHONY).
#  Implicit rule search has not been done.
#  File does not exist.
#  File has not been updated.

# Not a target:
push_swap_utils2.c:
#  Implicit rule search has been done.
#  Last modified 2022-07-29 18:09:02
#  File has been updated.
#  Successfully updated.
# variable set hash-table stats:
# Load=0/32=0%, Rehash=0, Collisions=0/0=0%

clean:
#  Phony target (prerequisite of .PHONY).
#  Implicit rule search has not been done.
#  File does not exist.
#  File has not been updated.
#  commands to execute (from `Makefile', line 65):
	rm -f $(OBJS) $(BONUS_OBJS)
	make -C $(NAME_LIBFT) clean
	

# Not a target:
push_swap_utils.c:
#  Implicit rule search has been done.
#  Last modified 2022-07-30 13:52:14
#  File has been updated.
#  Successfully updated.
# variable set hash-table stats:
# Load=0/32=0%, Rehash=0, Collisions=0/0=0%

push_swap.o: push_swap.c
#  Implicit rule search has been done.
#  Implicit/static pattern stem: `push_swap'
#  Last modified 2022-07-30 16:19:30
#  File has been updated.
#  Successfully updated.
# variable set hash-table stats:
# Load=0/32=0%, Rehash=0, Collisions=0/0=0%
#  commands to execute (from `Makefile', line 54):
	$(CC) $(CFLAGS) -g3 -c $< -o $@
	

push_swap: push_swap.o push_swap_utils.o push_swap_utils2.o push_swap_pattern.o push_swap_pattern2.o push_swap_pattern3.o ft_sort.o ft_sandglass.o
#  Implicit rule search has not been done.
#  Last modified 2022-07-30 16:19:32
#  File has been updated.
#  Successfully updated.
# variable set hash-table stats:
# Load=0/32=0%, Rehash=0, Collisions=0/0=0%
#  commands to execute (from `Makefile', line 57):
	make -C $(NAME_LIBFT)
	$(CC) $(CFLAGS) -o $@ $(OBJS) -L./$(NAME_LIBFT) -lft
	

# Not a target:
push_swap_pattern.c:
#  Implicit rule search has been done.
#  Last modified 2022-07-30 16:06:30
#  File has been updated.
#  Successfully updated.
# variable set hash-table stats:
# Load=0/32=0%, Rehash=0, Collisions=0/0=0%

# Not a target:
checker_pattern2.o:
#  Implicit rule search has not been done.
#  Modification time never checked.
#  File has not been updated.

ft_sandglass.o: ft_sandglass.c
#  Implicit rule search has been done.
#  Implicit/static pattern stem: `ft_sandglass'
#  Last modified 2022-07-30 16:19:30
#  File has been updated.
#  Successfully updated.
# variable set hash-table stats:
# Load=0/32=0%, Rehash=0, Collisions=0/0=0%
#  commands to execute (from `Makefile', line 54):
	$(CC) $(CFLAGS) -g3 -c $< -o $@
	

push_swap_pattern2.o: push_swap_pattern2.c
#  Implicit rule search has been done.
#  Implicit/static pattern stem: `push_swap_pattern2'
#  Last modified 2022-07-30 16:19:30
#  File has been updated.
#  Successfully updated.
# variable set hash-table stats:
# Load=0/32=0%, Rehash=0, Collisions=0/0=0%
#  commands to execute (from `Makefile', line 54):
	$(CC) $(CFLAGS) -g3 -c $< -o $@
	

push_swap_utils2.o: push_swap_utils2.c
#  Implicit rule search has been done.
#  Implicit/static pattern stem: `push_swap_utils2'
#  Last modified 2022-07-30 16:19:30
#  File has been updated.
#  Successfully updated.
# variable set hash-table stats:
# Load=0/32=0%, Rehash=0, Collisions=0/0=0%
#  commands to execute (from `Makefile', line 54):
	$(CC) $(CFLAGS) -g3 -c $< -o $@
	

# Not a target:
get_next_line.o:
#  Implicit rule search has not been done.
 
#  Modification time never checked.
#  File has not been updated.

# files hash-table stats:
# Load=33/1024=3%, Rehash=0, Collisions=3/100=3%
# VPATH Search Paths

# No `vpath' search paths.

# No general (`VPATH' variable) search path.

# # of strings in strcache: 1
# # of strcache buffers: 1
# strcache size: total = 4096 / max = 4096 / min = 4096 / avg = 4096
# strcache free: total = 4087 / max = 4087 / min = 4087 / avg = 4087

# Finished Make data base on Sat Jul 30 16:19:50 2022

 
